# JRE version: OpenJDK Runtime Environment (8.0_212-b04) (build 1.8.0_212-release-1586-b04)
# Java VM: OpenJDK 64-Bit Server VM (25.212-b04 mixed mode windows-amd64 compressed oops)
Heap:
 PSYoungGen      total 259584K, used 156440K [0x00000000e0000000, 0x00000000f4480000, 0x0000000100000000)
  eden space 236032K, 56% used [0x00000000e0000000,0x00000000e81cb898,0x00000000ee680000)
  from space 23552K, 99% used [0x00000000ee680000,0x00000000efd7a9a0,0x00000000efd80000)
  to   space 28672K, 0% used [0x00000000f2880000,0x00000000f2880000,0x00000000f4480000)
 ParOldGen       total 93696K, used 40124K [0x00000000a0000000, 0x00000000a5b80000, 0x00000000e0000000)
  object space 93696K, 42% used [0x00000000a0000000,0x00000000a272f0e8,0x00000000a5b80000)
 Metaspace       used 68032K, capacity 70612K, committed 70912K, reserved 1110016K
  class space    used 9316K, capacity 9906K, committed 9984K, reserved 1048576K
GC Heap History (10 events):
Event: 6.647 GC heap before
{Heap before GC invocations=10 (full 2):
 PSYoungGen      total 202240K, used 11706K [0x00000000e0000000, 0x00000000ed500000, 0x0000000100000000)
  eden space 189440K, 0% used [0x00000000e0000000,0x00000000e0000000,0x00000000eb900000)
  from space 12800K, 91% used [0x00000000ec880000,0x00000000ed3eea20,0x00000000ed500000)
  to   space 14336K, 0% used [0x00000000eb900000,0x00000000eb900000,0x00000000ec700000)
 ParOldGen       total 38400K, used 11727K [0x00000000a0000000, 0x00000000a2580000, 0x00000000e0000000)
  object space 38400K, 30% used [0x00000000a0000000,0x00000000a0b73c80,0x00000000a2580000)
 Metaspace       used 34714K, capacity 35366K, committed 35456K, reserved 1079296K
  class space    used 4771K, capacity 4986K, committed 4992K, reserved 1048576K
Event: 6.745 GC heap after
Heap after GC invocations=10 (full 2):
 PSYoungGen      total 202240K, used 0K [0x00000000e0000000, 0x00000000ed500000, 0x0000000100000000)
  eden space 189440K, 0% used [0x00000000e0000000,0x00000000e0000000,0x00000000eb900000)
  from space 12800K, 0% used [0x00000000ec880000,0x00000000ec880000,0x00000000ed500000)
  to   space 14336K, 0% used [0x00000000eb900000,0x00000000eb900000,0x00000000ec700000)
 ParOldGen       total 59392K, used 18559K [0x00000000a0000000, 0x00000000a3a00000, 0x00000000e0000000)
  object space 59392K, 31% used [0x00000000a0000000,0x00000000a121ffe8,0x00000000a3a00000)
 Metaspace       used 34708K, capacity 35348K, committed 35456K, reserved 1079296K
  class space    used 4770K, capacity 4983K, committed 4992K, reserved 1048576K
}
Event: 9.171 GC heap before
{Heap before GC invocations=11 (full 2):
 PSYoungGen      total 202240K, used 189440K [0x00000000e0000000, 0x00000000ed500000, 0x0000000100000000)
  eden space 189440K, 100% used [0x00000000e0000000,0x00000000eb900000,0x00000000eb900000)
  from space 12800K, 0% used [0x00000000ec880000,0x00000000ec880000,0x00000000ed500000)
  to   space 14336K, 0% used [0x00000000eb900000,0x00000000eb900000,0x00000000ec700000)
 ParOldGen       total 59392K, used 18559K [0x00000000a0000000, 0x00000000a3a00000, 0x00000000e0000000)
  object space 59392K, 31% used [0x00000000a0000000,0x00000000a121ffe8,0x00000000a3a00000)
 Metaspace       used 50276K, capacity 51600K, committed 51712K, reserved 1093632K
  class space    used 6781K, capacity 7103K, committed 7168K, reserved 1048576K
Event: 9.207 GC heap after
Heap after GC invocations=11 (full 2):
 PSYoungGen      total 203776K, used 14333K [0x00000000e0000000, 0x00000000f1100000, 0x0000000100000000)
  eden space 189440K, 0% used [0x00000000e0000000,0x00000000e0000000,0x00000000eb900000)
  from space 14336K, 99% used [0x00000000eb900000,0x00000000ec6ff578,0x00000000ec700000)
  to   space 19968K, 0% used [0x00000000efd80000,0x00000000efd80000,0x00000000f1100000)
 ParOldGen       total 59392K, used 26382K [0x00000000a0000000, 0x00000000a3a00000, 0x00000000e0000000)
  object space 59392K, 44% used [0x00000000a0000000,0x00000000a19c3950,0x00000000a3a00000)
 Metaspace       used 50276K, capacity 51600K, committed 51712K, reserved 1093632K
  class space    used 6781K, capacity 7103K, committed 7168K, reserved 1048576K
}
Event: 11.322 GC heap before
{Heap before GC invocations=12 (full 2):
 PSYoungGen      total 203776K, used 126925K [0x00000000e0000000, 0x00000000f1100000, 0x0000000100000000)
  eden space 189440K, 59% used [0x00000000e0000000,0x00000000e6df4148,0x00000000eb900000)
  from space 14336K, 99% used [0x00000000eb900000,0x00000000ec6ff578,0x00000000ec700000)
  to   space 19968K, 0% used [0x00000000efd80000,0x00000000efd80000,0x00000000f1100000)
 ParOldGen       total 59392K, used 26382K [0x00000000a0000000, 0x00000000a3a00000, 0x00000000e0000000)
  object space 59392K, 44% used [0x00000000a0000000,0x00000000a19c3950,0x00000000a3a00000)
 Metaspace       used 57457K, capacity 58994K, committed 59096K, reserved 1099776K
  class space    used 7821K, capacity 8225K, committed 8320K, reserved 1048576K
Event: 11.348 GC heap after
Heap after GC invocations=12 (full 2):
 PSYoungGen      total 256000K, used 19940K [0x00000000e0000000, 0x00000000f1600000, 0x0000000100000000)
  eden space 236032K, 0% used [0x00000000e0000000,0x00000000e0000000,0x00000000ee680000)
  from space 19968K, 99% used [0x00000000efd80000,0x00000000f10f90e8,0x00000000f1100000)
  to   space 23552K, 0% used [0x00000000ee680000,0x00000000ee680000,0x00000000efd80000)
 ParOldGen       total 59392K, used 28615K [0x00000000a0000000, 0x00000000a3a00000, 0x00000000e0000000)
  object space 59392K, 48% used [0x00000000a0000000,0x00000000a1bf1d10,0x00000000a3a00000)
 Metaspace       used 57457K, capacity 58994K, committed 59096K, reserved 1099776K
  class space    used 7821K, capacity 8225K, committed 8320K, reserved 1048576K
}
Event: 11.348 GC heap before
{Heap before GC invocations=13 (full 3):
 PSYoungGen      total 256000K, used 19940K [0x00000000e0000000, 0x00000000f1600000, 0x0000000100000000)
  eden space 236032K, 0% used [0x00000000e0000000,0x00000000e0000000,0x00000000ee680000)
  from space 19968K, 99% used [0x00000000efd80000,0x00000000f10f90e8,0x00000000f1100000)
  to   space 23552K, 0% used [0x00000000ee680000,0x00000000ee680000,0x00000000efd80000)
 ParOldGen       total 59392K, used 28615K [0x00000000a0000000, 0x00000000a3a00000, 0x00000000e0000000)
  object space 59392K, 48% used [0x00000000a0000000,0x00000000a1bf1d10,0x00000000a3a00000)
 Metaspace       used 57457K, capacity 58994K, committed 59096K, reserved 1099776K
  class space    used 7821K, capacity 8225K, committed 8320K, reserved 1048576K
Event: 11.625 GC heap after
Heap after GC invocations=13 (full 3):
 PSYoungGen      total 256000K, used 0K [0x00000000e0000000, 0x00000000f1600000, 0x0000000100000000)
  eden space 236032K, 0% used [0x00000000e0000000,0x00000000e0000000,0x00000000ee680000)
  from space 19968K, 0% used [0x00000000efd80000,0x00000000efd80000,0x00000000f1100000)
  to   space 23552K, 0% used [0x00000000ee680000,0x00000000ee680000,0x00000000efd80000)
 ParOldGen       total 93696K, used 37171K [0x00000000a0000000, 0x00000000a5b80000, 0x00000000e0000000)
  object space 93696K, 39% used [0x00000000a0000000,0x00000000a244cf80,0x00000000a5b80000)
 Metaspace       used 57457K, capacity 58994K, committed 59096K, reserved 1099776K
  class space    used 7821K, capacity 8225K, committed 8320K, reserved 1048576K
}
Event: 24.122 GC heap before
{Heap before GC invocations=14 (full 3):
 PSYoungGen      total 256000K, used 236032K [0x00000000e0000000, 0x00000000f1600000, 0x0000000100000000)
  eden space 236032K, 100% used [0x00000000e0000000,0x00000000ee680000,0x00000000ee680000)
  from space 19968K, 0% used [0x00000000efd80000,0x00000000efd80000,0x00000000f1100000)
  to   space 23552K, 0% used [0x00000000ee680000,0x00000000ee680000,0x00000000efd80000)
 ParOldGen       total 93696K, used 37171K [0x00000000a0000000, 0x00000000a5b80000, 0x00000000e0000000)
  object space 93696K, 39% used [0x00000000a0000000,0x00000000a244cf80,0x00000000a5b80000)
 Metaspace       used 62303K, capacity 64466K, committed 64640K, reserved 1105920K
  class space    used 8465K, capacity 8977K, committed 9088K, reserved 1048576K
Event: 24.152 GC heap after
Heap after GC invocations=14 (full 3):
 PSYoungGen      total 259584K, used 23530K [0x00000000e0000000, 0x00000000f4480000, 0x0000000100000000)
  eden space 236032K, 0% used [0x00000000e0000000,0x00000000e0000000,0x00000000ee680000)
  from space 23552K, 99% used [0x00000000ee680000,0x00000000efd7a9a0,0x00000000efd80000)
  to   space 28672K, 0% used [0x00000000f2880000,0x00000000f2880000,0x00000000f4480000)
 ParOldGen       total 93696K, used 40124K [0x00000000a0000000, 0x00000000a5b80000, 0x00000000e0000000)
  object space 93696K, 42% used [0x00000000a0000000,0x00000000a272f0e8,0x00000000a5b80000)
 Metaspace       used 62303K, capacity 64466K, committed 64640K, reserved 1105920K
  class space    used 8465K, capacity 8977K, committed 9088K, reserved 1048576K
}

