# JRE version: OpenJDK Runtime Environment (8.0_212-b04) (build 1.8.0_212-release-1586-b04)
# Java VM: OpenJDK 64-Bit Server VM (25.212-b04 mixed mode windows-amd64 compressed oops)
Heap:
 PSYoungGen      total 228352K, used 38537K [0x00000000e0000000, 0x00000000f1100000, 0x0000000100000000)
  eden space 197120K, 5% used [0x00000000e0000000,0x00000000e0b56d10,0x00000000ec080000)
  from space 31232K, 86% used [0x00000000ec080000,0x00000000edacb880,0x00000000edf00000)
  to   space 25600K, 0% used [0x00000000edf00000,0x00000000edf00000,0x00000000ef800000)
 ParOldGen       total 92160K, used 65116K [0x00000000a0000000, 0x00000000a5a00000, 0x00000000e0000000)
  object space 92160K, 70% used [0x00000000a0000000,0x00000000a3f973b8,0x00000000a5a00000)
 Metaspace       used 69879K, capacity 72610K, committed 72832K, reserved 1112064K
  class space    used 9447K, capacity 10021K, committed 10112K, reserved 1048576K
GC Heap History (10 events):
Event: 14.233 GC heap before
{Heap before GC invocations=16 (full 3):
 PSYoungGen      total 163840K, used 12948K [0x00000000e0000000, 0x00000000ed500000, 0x0000000100000000)
  eden space 146944K, 0% used [0x00000000e0000000,0x00000000e0000000,0x00000000e8f80000)
  from space 16896K, 76% used [0x00000000e8f80000,0x00000000e9c251d8,0x00000000ea000000)
  to   space 17920K, 0% used [0x00000000ec380000,0x00000000ec380000,0x00000000ed500000)
 ParOldGen       total 56320K, used 27323K [0x00000000a0000000, 0x00000000a3700000, 0x00000000e0000000)
  object space 56320K, 48% used [0x00000000a0000000,0x00000000a1aaef50,0x00000000a3700000)
 Metaspace       used 57499K, capacity 58994K, committed 59096K, reserved 1099776K
  class space    used 7826K, capacity 8225K, committed 8320K, reserved 1048576K
Event: 14.532 GC heap after
Heap after GC invocations=16 (full 3):
 PSYoungGen      total 163840K, used 0K [0x00000000e0000000, 0x00000000ed500000, 0x0000000100000000)
  eden space 146944K, 0% used [0x00000000e0000000,0x00000000e0000000,0x00000000e8f80000)
  from space 16896K, 0% used [0x00000000e8f80000,0x00000000e8f80000,0x00000000ea000000)
  to   space 17920K, 0% used [0x00000000ec380000,0x00000000ec380000,0x00000000ed500000)
 ParOldGen       total 92160K, used 35670K [0x00000000a0000000, 0x00000000a5a00000, 0x00000000e0000000)
  object space 92160K, 38% used [0x00000000a0000000,0x00000000a22d59c0,0x00000000a5a00000)
 Metaspace       used 57499K, capacity 58994K, committed 59096K, reserved 1099776K
  class space    used 7826K, capacity 8225K, committed 8320K, reserved 1048576K
}
Event: 19.533 GC heap before
{Heap before GC invocations=17 (full 3):
 PSYoungGen      total 163840K, used 146944K [0x00000000e0000000, 0x00000000ed500000, 0x0000000100000000)
  eden space 146944K, 100% used [0x00000000e0000000,0x00000000e8f80000,0x00000000e8f80000)
  from space 16896K, 0% used [0x00000000e8f80000,0x00000000e8f80000,0x00000000ea000000)
  to   space 17920K, 0% used [0x00000000ec380000,0x00000000ec380000,0x00000000ed500000)
 ParOldGen       total 92160K, used 35670K [0x00000000a0000000, 0x00000000a5a00000, 0x00000000e0000000)
  object space 92160K, 38% used [0x00000000a0000000,0x00000000a22d59c0,0x00000000a5a00000)
 Metaspace       used 60837K, capacity 62846K, committed 63104K, reserved 1103872K
  class space    used 8263K, capacity 8733K, committed 8832K, reserved 1048576K
Event: 19.566 GC heap after
Heap after GC invocations=17 (full 3):
 PSYoungGen      total 187392K, used 14091K [0x00000000e0000000, 0x00000000ed180000, 0x0000000100000000)
  eden space 173056K, 0% used [0x00000000e0000000,0x00000000e0000000,0x00000000ea900000)
  from space 14336K, 98% used [0x00000000ec380000,0x00000000ed142da0,0x00000000ed180000)
  to   space 19456K, 0% used [0x00000000eab80000,0x00000000eab80000,0x00000000ebe80000)
 ParOldGen       total 92160K, used 35678K [0x00000000a0000000, 0x00000000a5a00000, 0x00000000e0000000)
  object space 92160K, 38% used [0x00000000a0000000,0x00000000a22d79c0,0x00000000a5a00000)
 Metaspace       used 60837K, capacity 62846K, committed 63104K, reserved 1103872K
  class space    used 8263K, capacity 8733K, committed 8832K, reserved 1048576K
}
Event: 22.859 GC heap before
{Heap before GC invocations=18 (full 3):
 PSYoungGen      total 187392K, used 187147K [0x00000000e0000000, 0x00000000ed180000, 0x0000000100000000)
  eden space 173056K, 100% used [0x00000000e0000000,0x00000000ea900000,0x00000000ea900000)
  from space 14336K, 98% used [0x00000000ec380000,0x00000000ed142da0,0x00000000ed180000)
  to   space 19456K, 0% used [0x00000000eab80000,0x00000000eab80000,0x00000000ebe80000)
 ParOldGen       total 92160K, used 35678K [0x00000000a0000000, 0x00000000a5a00000, 0x00000000e0000000)
  object space 92160K, 38% used [0x00000000a0000000,0x00000000a22d79c0,0x00000000a5a00000)
 Metaspace       used 68117K, capacity 70364K, committed 70528K, reserved 1110016K
  class space    used 9258K, capacity 9762K, committed 9856K, reserved 1048576K
Event: 22.893 GC heap after
Heap after GC invocations=18 (full 3):
 PSYoungGen      total 195072K, used 19443K [0x00000000e0000000, 0x00000000ef800000, 0x0000000100000000)
  eden space 175616K, 0% used [0x00000000e0000000,0x00000000e0000000,0x00000000eab80000)
  from space 19456K, 99% used [0x00000000eab80000,0x00000000ebe7cc88,0x00000000ebe80000)
  to   space 25600K, 0% used [0x00000000edf00000,0x00000000edf00000,0x00000000ef800000)
 ParOldGen       total 92160K, used 44421K [0x00000000a0000000, 0x00000000a5a00000, 0x00000000e0000000)
  object space 92160K, 48% used [0x00000000a0000000,0x00000000a2b61630,0x00000000a5a00000)
 Metaspace       used 68117K, capacity 70364K, committed 70528K, reserved 1110016K
  class space    used 9258K, capacity 9762K, committed 9856K, reserved 1048576K
}
Event: 24.240 GC heap before
{Heap before GC invocations=19 (full 3):
 PSYoungGen      total 195072K, used 195059K [0x00000000e0000000, 0x00000000ef800000, 0x0000000100000000)
  eden space 175616K, 100% used [0x00000000e0000000,0x00000000eab80000,0x00000000eab80000)
  from space 19456K, 99% used [0x00000000eab80000,0x00000000ebe7cc88,0x00000000ebe80000)
  to   space 25600K, 0% used [0x00000000edf00000,0x00000000edf00000,0x00000000ef800000)
 ParOldGen       total 92160K, used 44421K [0x00000000a0000000, 0x00000000a5a00000, 0x00000000e0000000)
  object space 92160K, 48% used [0x00000000a0000000,0x00000000a2b61630,0x00000000a5a00000)
 Metaspace       used 69766K, capacity 72434K, committed 72576K, reserved 1112064K
  class space    used 9443K, capacity 9987K, committed 10112K, reserved 1048576K
Event: 24.304 GC heap after
Heap after GC invocations=19 (full 3):
 PSYoungGen      total 222720K, used 25599K [0x00000000e0000000, 0x00000000f1100000, 0x0000000100000000)
  eden space 197120K, 0% used [0x00000000e0000000,0x00000000e0000000,0x00000000ec080000)
  from space 25600K, 99% used [0x00000000edf00000,0x00000000ef7fff88,0x00000000ef800000)
  to   space 31232K, 0% used [0x00000000ec080000,0x00000000ec080000,0x00000000edf00000)
 ParOldGen       total 92160K, used 48980K [0x00000000a0000000, 0x00000000a5a00000, 0x00000000e0000000)
  object space 92160K, 53% used [0x00000000a0000000,0x00000000a2fd5390,0x00000000a5a00000)
 Metaspace       used 69766K, capacity 72434K, committed 72576K, reserved 1112064K
  class space    used 9443K, capacity 9987K, committed 10112K, reserved 1048576K
}
Event: 25.138 GC heap before
{Heap before GC invocations=20 (full 3):
 PSYoungGen      total 222720K, used 222719K [0x00000000e0000000, 0x00000000f1100000, 0x0000000100000000)
  eden space 197120K, 100% used [0x00000000e0000000,0x00000000ec080000,0x00000000ec080000)
  from space 25600K, 99% used [0x00000000edf00000,0x00000000ef7fff88,0x00000000ef800000)
  to   space 31232K, 0% used [0x00000000ec080000,0x00000000ec080000,0x00000000edf00000)
 ParOldGen       total 92160K, used 48980K [0x00000000a0000000, 0x00000000a5a00000, 0x00000000e0000000)
  object space 92160K, 53% used [0x00000000a0000000,0x00000000a2fd5390,0x00000000a5a00000)
 Metaspace       used 69875K, capacity 72610K, committed 72832K, reserved 1112064K
  class space    used 9447K, capacity 10021K, committed 10112K, reserved 1048576K
Event: 25.211 GC heap after
Heap after GC invocations=20 (full 3):
 PSYoungGen      total 228352K, used 26926K [0x00000000e0000000, 0x00000000f1100000, 0x0000000100000000)
  eden space 197120K, 0% used [0x00000000e0000000,0x00000000e0000000,0x00000000ec080000)
  from space 31232K, 86% used [0x00000000ec080000,0x00000000edacb880,0x00000000edf00000)
  to   space 25600K, 0% used [0x00000000edf00000,0x00000000edf00000,0x00000000ef800000)
 ParOldGen       total 92160K, used 65116K [0x00000000a0000000, 0x00000000a5a00000, 0x00000000e0000000)
  object space 92160K, 70% used [0x00000000a0000000,0x00000000a3f973b8,0x00000000a5a00000)
 Metaspace       used 69875K, capacity 72610K, committed 72832K, reserved 1112064K
  class space    used 9447K, capacity 10021K, committed 10112K, reserved 1048576K
}

