# JRE version: OpenJDK Runtime Environment (8.0_212-b04) (build 1.8.0_212-release-1586-b04)
# Java VM: OpenJDK 64-Bit Server VM (25.212-b04 mixed mode windows-amd64 compressed oops)
Heap:
 PSYoungGen      total 246784K, used 136637K [0x00000000e0000000, 0x00000000f2900000, 0x0000000100000000)
  eden space 199680K, 68% used [0x00000000e0000000,0x00000000e856f6a8,0x00000000ec300000)
  from space 47104K, 0% used [0x00000000ec300000,0x00000000ec300000,0x00000000ef100000)
  to   space 36352K, 0% used [0x00000000ef100000,0x00000000ef100000,0x00000000f1480000)
 ParOldGen       total 103424K, used 68115K [0x00000000a0000000, 0x00000000a6500000, 0x00000000e0000000)
  object space 103424K, 65% used [0x00000000a0000000,0x00000000a4284da8,0x00000000a6500000)
 Metaspace       used 83755K, capacity 86898K, committed 87040K, reserved 1124352K
  class space    used 10774K, capacity 11417K, committed 11520K, reserved 1048576K
GC Heap History (10 events):
Event: 103.832 GC heap before
{Heap before GC invocations=19 (full 3):
 PSYoungGen      total 186880K, used 186878K [0x00000000e0000000, 0x00000000f0100000, 0x0000000100000000)
  eden space 163840K, 100% used [0x00000000e0000000,0x00000000ea000000,0x00000000ea000000)
  from space 23040K, 99% used [0x00000000ea000000,0x00000000eb67f8c0,0x00000000eb680000)
  to   space 32768K, 0% used [0x00000000ee100000,0x00000000ee100000,0x00000000f0100000)
 ParOldGen       total 94208K, used 52038K [0x00000000a0000000, 0x00000000a5c00000, 0x00000000e0000000)
  object space 94208K, 55% used [0x00000000a0000000,0x00000000a32d1990,0x00000000a5c00000)
 Metaspace       used 67579K, capacity 69794K, committed 70016K, reserved 1110016K
  class space    used 8850K, capacity 9343K, committed 9344K, reserved 1048576K
Event: 103.878 GC heap after
Heap after GC invocations=19 (full 3):
 PSYoungGen      total 221184K, used 20948K [0x00000000e0000000, 0x00000000efd80000, 0x0000000100000000)
  eden space 192000K, 0% used [0x00000000e0000000,0x00000000e0000000,0x00000000ebb80000)
  from space 29184K, 71% used [0x00000000ee100000,0x00000000ef575020,0x00000000efd80000)
  to   space 33792K, 0% used [0x00000000ebb80000,0x00000000ebb80000,0x00000000edc80000)
 ParOldGen       total 94208K, used 60890K [0x00000000a0000000, 0x00000000a5c00000, 0x00000000e0000000)
  object space 94208K, 64% used [0x00000000a0000000,0x00000000a3b76ae0,0x00000000a5c00000)
 Metaspace       used 67579K, capacity 69794K, committed 70016K, reserved 1110016K
  class space    used 8850K, capacity 9343K, committed 9344K, reserved 1048576K
}
Event: 148.646 GC heap before
{Heap before GC invocations=20 (full 3):
 PSYoungGen      total 221184K, used 212948K [0x00000000e0000000, 0x00000000efd80000, 0x0000000100000000)
  eden space 192000K, 100% used [0x00000000e0000000,0x00000000ebb80000,0x00000000ebb80000)
  from space 29184K, 71% used [0x00000000ee100000,0x00000000ef575020,0x00000000efd80000)
  to   space 33792K, 0% used [0x00000000ebb80000,0x00000000ebb80000,0x00000000edc80000)
 ParOldGen       total 94208K, used 60890K [0x00000000a0000000, 0x00000000a5c00000, 0x00000000e0000000)
  object space 94208K, 64% used [0x00000000a0000000,0x00000000a3b76ae0,0x00000000a5c00000)
 Metaspace       used 68409K, capacity 70748K, committed 70912K, reserved 1110016K
  class space    used 8890K, capacity 9386K, committed 9472K, reserved 1048576K
Event: 148.686 GC heap after
Heap after GC invocations=20 (full 3):
 PSYoungGen      total 225792K, used 25851K [0x00000000e0000000, 0x00000000f1480000, 0x0000000100000000)
  eden space 192000K, 0% used [0x00000000e0000000,0x00000000e0000000,0x00000000ebb80000)
  from space 33792K, 76% used [0x00000000ebb80000,0x00000000ed4bef10,0x00000000edc80000)
  to   space 36352K, 0% used [0x00000000ef100000,0x00000000ef100000,0x00000000f1480000)
 ParOldGen       total 94208K, used 60898K [0x00000000a0000000, 0x00000000a5c00000, 0x00000000e0000000)
  object space 94208K, 64% used [0x00000000a0000000,0x00000000a3b78ae0,0x00000000a5c00000)
 Metaspace       used 68409K, capacity 70748K, committed 70912K, reserved 1110016K
  class space    used 8890K, capacity 9386K, committed 9472K, reserved 1048576K
}
Event: 163.046 GC heap before
{Heap before GC invocations=21 (full 3):
 PSYoungGen      total 225792K, used 217851K [0x00000000e0000000, 0x00000000f1480000, 0x0000000100000000)
  eden space 192000K, 100% used [0x00000000e0000000,0x00000000ebb80000,0x00000000ebb80000)
  from space 33792K, 76% used [0x00000000ebb80000,0x00000000ed4bef10,0x00000000edc80000)
  to   space 36352K, 0% used [0x00000000ef100000,0x00000000ef100000,0x00000000f1480000)
 ParOldGen       total 94208K, used 60898K [0x00000000a0000000, 0x00000000a5c00000, 0x00000000e0000000)
  object space 94208K, 64% used [0x00000000a0000000,0x00000000a3b78ae0,0x00000000a5c00000)
 Metaspace       used 73734K, capacity 76124K, committed 76416K, reserved 1116160K
  class space    used 9518K, capacity 10069K, committed 10112K, reserved 1048576K
Event: 163.123 GC heap after
Heap after GC invocations=21 (full 3):
 PSYoungGen      total 236032K, used 36326K [0x00000000e0000000, 0x00000000f2900000, 0x0000000100000000)
  eden space 199680K, 0% used [0x00000000e0000000,0x00000000e0000000,0x00000000ec300000)
  from space 36352K, 99% used [0x00000000ef100000,0x00000000f1479be0,0x00000000f1480000)
  to   space 47104K, 0% used [0x00000000ec300000,0x00000000ec300000,0x00000000ef100000)
 ParOldGen       total 94208K, used 74134K [0x00000000a0000000, 0x00000000a5c00000, 0x00000000e0000000)
  object space 94208K, 78% used [0x00000000a0000000,0x00000000a4865ab0,0x00000000a5c00000)
 Metaspace       used 73734K, capacity 76124K, committed 76416K, reserved 1116160K
  class space    used 9518K, capacity 10069K, committed 10112K, reserved 1048576K
}
Event: 171.052 GC heap before
{Heap before GC invocations=22 (full 3):
 PSYoungGen      total 236032K, used 236006K [0x00000000e0000000, 0x00000000f2900000, 0x0000000100000000)
  eden space 199680K, 100% used [0x00000000e0000000,0x00000000ec300000,0x00000000ec300000)
  from space 36352K, 99% used [0x00000000ef100000,0x00000000f1479be0,0x00000000f1480000)
  to   space 47104K, 0% used [0x00000000ec300000,0x00000000ec300000,0x00000000ef100000)
 ParOldGen       total 94208K, used 74134K [0x00000000a0000000, 0x00000000a5c00000, 0x00000000e0000000)
  object space 94208K, 78% used [0x00000000a0000000,0x00000000a4865ab0,0x00000000a5c00000)
 Metaspace       used 77130K, capacity 79660K, committed 79744K, reserved 1118208K
  class space    used 9820K, capacity 10358K, committed 10368K, reserved 1048576K
Event: 171.228 GC heap after
Heap after GC invocations=22 (full 3):
 PSYoungGen      total 246784K, used 47093K [0x00000000e0000000, 0x00000000f2900000, 0x0000000100000000)
  eden space 199680K, 0% used [0x00000000e0000000,0x00000000e0000000,0x00000000ec300000)
  from space 47104K, 99% used [0x00000000ec300000,0x00000000ef0fd410,0x00000000ef100000)
  to   space 36352K, 0% used [0x00000000ef100000,0x00000000ef100000,0x00000000f1480000)
 ParOldGen       total 103424K, used 103413K [0x00000000a0000000, 0x00000000a6500000, 0x00000000e0000000)
  object space 103424K, 99% used [0x00000000a0000000,0x00000000a64fd708,0x00000000a6500000)
 Metaspace       used 77130K, capacity 79660K, committed 79744K, reserved 1118208K
  class space    used 9820K, capacity 10358K, committed 10368K, reserved 1048576K
}
Event: 171.228 GC heap before
{Heap before GC invocations=23 (full 4):
 PSYoungGen      total 246784K, used 47093K [0x00000000e0000000, 0x00000000f2900000, 0x0000000100000000)
  eden space 199680K, 0% used [0x00000000e0000000,0x00000000e0000000,0x00000000ec300000)
  from space 47104K, 99% used [0x00000000ec300000,0x00000000ef0fd410,0x00000000ef100000)
  to   space 36352K, 0% used [0x00000000ef100000,0x00000000ef100000,0x00000000f1480000)
 ParOldGen       total 103424K, used 103413K [0x00000000a0000000, 0x00000000a6500000, 0x00000000e0000000)
  object space 103424K, 99% used [0x00000000a0000000,0x00000000a64fd708,0x00000000a6500000)
 Metaspace       used 77130K, capacity 79660K, committed 79744K, reserved 1118208K
  class space    used 9820K, capacity 10358K, committed 10368K, reserved 1048576K
Event: 171.492 GC heap after
Heap after GC invocations=23 (full 4):
 PSYoungGen      total 246784K, used 0K [0x00000000e0000000, 0x00000000f2900000, 0x0000000100000000)
  eden space 199680K, 0% used [0x00000000e0000000,0x00000000e0000000,0x00000000ec300000)
  from space 47104K, 0% used [0x00000000ec300000,0x00000000ec300000,0x00000000ef100000)
  to   space 36352K, 0% used [0x00000000ef100000,0x00000000ef100000,0x00000000f1480000)
 ParOldGen       total 103424K, used 68115K [0x00000000a0000000, 0x00000000a6500000, 0x00000000e0000000)
  object space 103424K, 65% used [0x00000000a0000000,0x00000000a4284da8,0x00000000a6500000)
 Metaspace       used 76808K, capacity 79146K, committed 79744K, reserved 1118208K
  class space    used 9777K, capacity 10279K, committed 10368K, reserved 1048576K
}

