# JRE version: OpenJDK Runtime Environment (8.0_212-b04) (build 1.8.0_212-release-1586-b04)
# Java VM: OpenJDK 64-Bit Server VM (25.212-b04 mixed mode windows-amd64 compressed oops)
Heap:
 PSYoungGen      total 309760K, used 36652K [0x00000000e0000000, 0x00000000f7e00000, 0x0000000100000000)
  eden space 289280K, 11% used [0x00000000e0000000,0x00000000e1f800f8,0x00000000f1a80000)
  from space 20480K, 21% used [0x00000000f1a80000,0x00000000f1ecb210,0x00000000f2e80000)
  to   space 12288K, 0% used [0x00000000f2e80000,0x00000000f2e80000,0x00000000f3a80000)
 ParOldGen       total 82944K, used 49879K [0x00000000a0000000, 0x00000000a5100000, 0x00000000e0000000)
  object space 82944K, 60% used [0x00000000a0000000,0x00000000a30b5d70,0x00000000a5100000)
 Metaspace       used 76729K, capacity 79182K, committed 81152K, reserved 1120256K
  class space    used 9833K, capacity 10381K, committed 10752K, reserved 1048576K
GC Heap History (10 events):
Event: 4302.584 GC heap before
{Heap before GC invocations=21 (full 3):
 PSYoungGen      total 295936K, used 295481K [0x00000000e0000000, 0x00000000f3a80000, 0x0000000100000000)
  eden space 280064K, 100% used [0x00000000e0000000,0x00000000f1180000,0x00000000f1180000)
  from space 15872K, 97% used [0x00000000f1f00000,0x00000000f2e0e740,0x00000000f2e80000)
  to   space 12288K, 0% used [0x00000000f2e80000,0x00000000f2e80000,0x00000000f3a80000)
 ParOldGen       total 82944K, used 58267K [0x00000000a0000000, 0x00000000a5100000, 0x00000000e0000000)
  object space 82944K, 70% used [0x00000000a0000000,0x00000000a38e6d48,0x00000000a5100000)
 Metaspace       used 77051K, capacity 80228K, committed 80384K, reserved 1118208K
  class space    used 9967K, capacity 10675K, committed 10752K, reserved 1048576K
Event: 4302.606 GC heap after
Heap after GC invocations=21 (full 3):
 PSYoungGen      total 301568K, used 11506K [0x00000000e0000000, 0x00000000f7e00000, 0x0000000100000000)
  eden space 289280K, 0% used [0x00000000e0000000,0x00000000e0000000,0x00000000f1a80000)
  from space 12288K, 93% used [0x00000000f2e80000,0x00000000f39bcaf8,0x00000000f3a80000)
  to   space 20480K, 0% used [0x00000000f1a80000,0x00000000f1a80000,0x00000000f2e80000)
 ParOldGen       total 82944K, used 67064K [0x00000000a0000000, 0x00000000a5100000, 0x00000000e0000000)
  object space 82944K, 80% used [0x00000000a0000000,0x00000000a417e0d8,0x00000000a5100000)
 Metaspace       used 77051K, capacity 80228K, committed 80384K, reserved 1118208K
  class space    used 9967K, capacity 10675K, committed 10752K, reserved 1048576K
}
Event: 4303.076 GC heap before
{Heap before GC invocations=22 (full 3):
 PSYoungGen      total 301568K, used 300786K [0x00000000e0000000, 0x00000000f7e00000, 0x0000000100000000)
  eden space 289280K, 100% used [0x00000000e0000000,0x00000000f1a80000,0x00000000f1a80000)
  from space 12288K, 93% used [0x00000000f2e80000,0x00000000f39bcaf8,0x00000000f3a80000)
  to   space 20480K, 0% used [0x00000000f1a80000,0x00000000f1a80000,0x00000000f2e80000)
 ParOldGen       total 82944K, used 67064K [0x00000000a0000000, 0x00000000a5100000, 0x00000000e0000000)
  object space 82944K, 80% used [0x00000000a0000000,0x00000000a417e0d8,0x00000000a5100000)
 Metaspace       used 77064K, capacity 80228K, committed 80384K, reserved 1118208K
  class space    used 9967K, capacity 10675K, committed 10752K, reserved 1048576K
Event: 4303.087 GC heap after
Heap after GC invocations=22 (full 3):
 PSYoungGen      total 309760K, used 5954K [0x00000000e0000000, 0x00000000f7e00000, 0x0000000100000000)
  eden space 289280K, 0% used [0x00000000e0000000,0x00000000e0000000,0x00000000f1a80000)
  from space 20480K, 29% used [0x00000000f1a80000,0x00000000f2050bd8,0x00000000f2e80000)
  to   space 12288K, 0% used [0x00000000f2e80000,0x00000000f2e80000,0x00000000f3a80000)
 ParOldGen       total 82944K, used 73885K [0x00000000a0000000, 0x00000000a5100000, 0x00000000e0000000)
  object space 82944K, 89% used [0x00000000a0000000,0x00000000a48275e8,0x00000000a5100000)
 Metaspace       used 77064K, capacity 80228K, committed 80384K, reserved 1118208K
  class space    used 9967K, capacity 10675K, committed 10752K, reserved 1048576K
}
Event: 4303.087 GC heap before
{Heap before GC invocations=23 (full 4):
 PSYoungGen      total 309760K, used 5954K [0x00000000e0000000, 0x00000000f7e00000, 0x0000000100000000)
  eden space 289280K, 0% used [0x00000000e0000000,0x00000000e0000000,0x00000000f1a80000)
  from space 20480K, 29% used [0x00000000f1a80000,0x00000000f2050bd8,0x00000000f2e80000)
  to   space 12288K, 0% used [0x00000000f2e80000,0x00000000f2e80000,0x00000000f3a80000)
 ParOldGen       total 82944K, used 73885K [0x00000000a0000000, 0x00000000a5100000, 0x00000000e0000000)
  object space 82944K, 89% used [0x00000000a0000000,0x00000000a48275e8,0x00000000a5100000)
 Metaspace       used 77064K, capacity 80228K, committed 80384K, reserved 1118208K
  class space    used 9967K, capacity 10675K, committed 10752K, reserved 1048576K
Event: 4303.474 GC heap after
Heap after GC invocations=23 (full 4):
 PSYoungGen      total 309760K, used 0K [0x00000000e0000000, 0x00000000f7e00000, 0x0000000100000000)
  eden space 289280K, 0% used [0x00000000e0000000,0x00000000e0000000,0x00000000f1a80000)
  from space 20480K, 0% used [0x00000000f1a80000,0x00000000f1a80000,0x00000000f2e80000)
  to   space 12288K, 0% used [0x00000000f2e80000,0x00000000f2e80000,0x00000000f3a80000)
 ParOldGen       total 82944K, used 47970K [0x00000000a0000000, 0x00000000a5100000, 0x00000000e0000000)
  object space 82944K, 57% used [0x00000000a0000000,0x00000000a2ed8be8,0x00000000a5100000)
 Metaspace       used 75904K, capacity 78236K, committed 80384K, reserved 1118208K
  class space    used 9737K, capacity 10272K, committed 10752K, reserved 1048576K
}
Event: 4304.989 GC heap before
{Heap before GC invocations=24 (full 4):
 PSYoungGen      total 309760K, used 289280K [0x00000000e0000000, 0x00000000f7e00000, 0x0000000100000000)
  eden space 289280K, 100% used [0x00000000e0000000,0x00000000f1a80000,0x00000000f1a80000)
  from space 20480K, 0% used [0x00000000f1a80000,0x00000000f1a80000,0x00000000f2e80000)
  to   space 12288K, 0% used [0x00000000f2e80000,0x00000000f2e80000,0x00000000f3a80000)
 ParOldGen       total 82944K, used 47970K [0x00000000a0000000, 0x00000000a5100000, 0x00000000e0000000)
  object space 82944K, 57% used [0x00000000a0000000,0x00000000a2ed8be8,0x00000000a5100000)
 Metaspace       used 75920K, capacity 78306K, committed 80384K, reserved 1118208K
  class space    used 9737K, capacity 10273K, committed 10752K, reserved 1048576K
Event: 4304.995 GC heap after
Heap after GC invocations=24 (full 4):
 PSYoungGen      total 301568K, used 2226K [0x00000000e0000000, 0x00000000f7e00000, 0x0000000100000000)
  eden space 289280K, 0% used [0x00000000e0000000,0x00000000e0000000,0x00000000f1a80000)
  from space 12288K, 18% used [0x00000000f2e80000,0x00000000f30aca70,0x00000000f3a80000)
  to   space 20480K, 0% used [0x00000000f1a80000,0x00000000f1a80000,0x00000000f2e80000)
 ParOldGen       total 82944K, used 47978K [0x00000000a0000000, 0x00000000a5100000, 0x00000000e0000000)
  object space 82944K, 57% used [0x00000000a0000000,0x00000000a2edabe8,0x00000000a5100000)
 Metaspace       used 75920K, capacity 78306K, committed 80384K, reserved 1118208K
  class space    used 9737K, capacity 10273K, committed 10752K, reserved 1048576K
}
Event: 4319.064 GC heap before
{Heap before GC invocations=25 (full 4):
 PSYoungGen      total 301568K, used 291502K [0x00000000e0000000, 0x00000000f7e00000, 0x0000000100000000)
  eden space 289280K, 99% used [0x00000000e0000000,0x00000000f1a7f158,0x00000000f1a80000)
  from space 12288K, 18% used [0x00000000f2e80000,0x00000000f30aca70,0x00000000f3a80000)
  to   space 20480K, 0% used [0x00000000f1a80000,0x00000000f1a80000,0x00000000f2e80000)
 ParOldGen       total 82944K, used 47978K [0x00000000a0000000, 0x00000000a5100000, 0x00000000e0000000)
  object space 82944K, 57% used [0x00000000a0000000,0x00000000a2edabe8,0x00000000a5100000)
 Metaspace       used 76661K, capacity 79086K, committed 80896K, reserved 1120256K
  class space    used 9825K, capacity 10375K, committed 10752K, reserved 1048576K
Event: 4319.073 GC heap after
Heap after GC invocations=25 (full 4):
 PSYoungGen      total 309760K, used 4396K [0x00000000e0000000, 0x00000000f7e00000, 0x0000000100000000)
  eden space 289280K, 0% used [0x00000000e0000000,0x00000000e0000000,0x00000000f1a80000)
  from space 20480K, 21% used [0x00000000f1a80000,0x00000000f1ecb210,0x00000000f2e80000)
  to   space 12288K, 0% used [0x00000000f2e80000,0x00000000f2e80000,0x00000000f3a80000)
 ParOldGen       total 82944K, used 49879K [0x00000000a0000000, 0x00000000a5100000, 0x00000000e0000000)
  object space 82944K, 60% used [0x00000000a0000000,0x00000000a30b5d70,0x00000000a5100000)
 Metaspace       used 76661K, capacity 79086K, committed 80896K, reserved 1120256K
  class space    used 9825K, capacity 10375K, committed 10752K, reserved 1048576K
}

