# JRE version: OpenJDK Runtime Environment (8.0_202-b03) (build 1.8.0_202-release-1483-b03)
# Java VM: OpenJDK 64-Bit Server VM (25.202-b03 mixed mode windows-amd64 compressed oops)
Heap:
 PSYoungGen      total 425984K, used 280156K [0x00000000e0000000, 0x0000000100000000, 0x0000000100000000)
  eden space 335872K, 66% used [0x00000000e0000000,0x00000000eda40488,0x00000000f4800000)
  from space 90112K, 62% used [0x00000000fa400000,0x00000000fdb56e80,0x00000000ffc00000)
  to   space 94208K, 0% used [0x00000000f4800000,0x00000000f4800000,0x00000000fa400000)
 ParOldGen       total 176640K, used 144591K [0x00000000a0000000, 0x00000000aac80000, 0x00000000e0000000)
  object space 176640K, 81% used [0x00000000a0000000,0x00000000a8d33e98,0x00000000aac80000)
 Metaspace       used 98960K, capacity 105900K, committed 106072K, reserved 1142784K
  class space    used 12363K, capacity 13640K, committed 13696K, reserved 1048576K
GC Heap History (10 events):
Event: 4682.071 GC heap before
{Heap before GC invocations=45 (full 5):
 PSYoungGen      total 436736K, used 360738K [0x00000000e0000000, 0x00000000fff80000, 0x0000000100000000)
  eden space 349184K, 100% used [0x00000000e0000000,0x00000000f5500000,0x00000000f5500000)
  from space 87552K, 13% used [0x00000000f5500000,0x00000000f6048af0,0x00000000faa80000)
  to   space 86016K, 0% used [0x00000000fab80000,0x00000000fab80000,0x00000000fff80000)
 ParOldGen       total 176640K, used 133540K [0x00000000a0000000, 0x00000000aac80000, 0x00000000e0000000)
  object space 176640K, 75% used [0x00000000a0000000,0x00000000a8269008,0x00000000aac80000)
 Metaspace       used 97602K, capacity 104146K, committed 104280K, reserved 1140736K
  class space    used 12251K, capacity 13435K, committed 13440K, reserved 1048576K
Event: 4682.138 GC heap after
Heap after GC invocations=45 (full 5):
 PSYoungGen      total 399872K, used 9531K [0x00000000e0000000, 0x00000000feb80000, 0x0000000100000000)
  eden space 334336K, 0% used [0x00000000e0000000,0x00000000e0000000,0x00000000f4680000)
  from space 65536K, 14% used [0x00000000fab80000,0x00000000fb4cef60,0x00000000feb80000)
  to   space 84480K, 0% used [0x00000000f4680000,0x00000000f4680000,0x00000000f9900000)
 ParOldGen       total 176640K, used 133773K [0x00000000a0000000, 0x00000000aac80000, 0x00000000e0000000)
  object space 176640K, 75% used [0x00000000a0000000,0x00000000a82a3508,0x00000000aac80000)
 Metaspace       used 97602K, capacity 104146K, committed 104280K, reserved 1140736K
  class space    used 12251K, capacity 13435K, committed 13440K, reserved 1048576K
}
Event: 4684.278 GC heap before
{Heap before GC invocations=46 (full 5):
 PSYoungGen      total 399872K, used 343867K [0x00000000e0000000, 0x00000000feb80000, 0x0000000100000000)
  eden space 334336K, 100% used [0x00000000e0000000,0x00000000f4680000,0x00000000f4680000)
  from space 65536K, 14% used [0x00000000fab80000,0x00000000fb4cef60,0x00000000feb80000)
  to   space 84480K, 0% used [0x00000000f4680000,0x00000000f4680000,0x00000000f9900000)
 ParOldGen       total 176640K, used 133773K [0x00000000a0000000, 0x00000000aac80000, 0x00000000e0000000)
  object space 176640K, 75% used [0x00000000a0000000,0x00000000a82a3508,0x00000000aac80000)
 Metaspace       used 97918K, capacity 104518K, committed 104664K, reserved 1140736K
  class space    used 12272K, capacity 13475K, committed 13568K, reserved 1048576K
Event: 4684.475 GC heap after
Heap after GC invocations=46 (full 5):
 PSYoungGen      total 418816K, used 69377K [0x00000000e0000000, 0x0000000100000000, 0x0000000100000000)
  eden space 334336K, 0% used [0x00000000e0000000,0x00000000e0000000,0x00000000f4680000)
  from space 84480K, 82% used [0x00000000f4680000,0x00000000f8a407d8,0x00000000f9900000)
  to   space 93696K, 0% used [0x00000000fa480000,0x00000000fa480000,0x0000000100000000)
 ParOldGen       total 176640K, used 138444K [0x00000000a0000000, 0x00000000aac80000, 0x00000000e0000000)
  object space 176640K, 78% used [0x00000000a0000000,0x00000000a8733020,0x00000000aac80000)
 Metaspace       used 97918K, capacity 104518K, committed 104664K, reserved 1140736K
  class space    used 12272K, capacity 13475K, committed 13568K, reserved 1048576K
}
Event: 5954.574 GC heap before
{Heap before GC invocations=47 (full 5):
 PSYoungGen      total 418816K, used 403713K [0x00000000e0000000, 0x0000000100000000, 0x0000000100000000)
  eden space 334336K, 100% used [0x00000000e0000000,0x00000000f4680000,0x00000000f4680000)
  from space 84480K, 82% used [0x00000000f4680000,0x00000000f8a407d8,0x00000000f9900000)
  to   space 93696K, 0% used [0x00000000fa480000,0x00000000fa480000,0x0000000100000000)
 ParOldGen       total 176640K, used 138444K [0x00000000a0000000, 0x00000000aac80000, 0x00000000e0000000)
  object space 176640K, 78% used [0x00000000a0000000,0x00000000a8733020,0x00000000aac80000)
 Metaspace       used 98403K, capacity 105234K, committed 105432K, reserved 1140736K
  class space    used 12314K, capacity 13551K, committed 13568K, reserved 1048576K
Event: 5954.666 GC heap after
Heap after GC invocations=47 (full 5):
 PSYoungGen      total 433664K, used 16625K [0x00000000e0000000, 0x0000000100000000, 0x0000000100000000)
  eden space 339968K, 0% used [0x00000000e0000000,0x00000000e0000000,0x00000000f4c00000)
  from space 93696K, 17% used [0x00000000fa480000,0x00000000fb4bc6e0,0x0000000100000000)
  to   space 90624K, 0% used [0x00000000f4c00000,0x00000000f4c00000,0x00000000fa480000)
 ParOldGen       total 176640K, used 139131K [0x00000000a0000000, 0x00000000aac80000, 0x00000000e0000000)
  object space 176640K, 78% used [0x00000000a0000000,0x00000000a87deef0,0x00000000aac80000)
 Metaspace       used 98403K, capacity 105234K, committed 105432K, reserved 1140736K
  class space    used 12314K, capacity 13551K, committed 13568K, reserved 1048576K
}
Event: 6544.938 GC heap before
{Heap before GC invocations=48 (full 5):
 PSYoungGen      total 433664K, used 356593K [0x00000000e0000000, 0x0000000100000000, 0x0000000100000000)
  eden space 339968K, 100% used [0x00000000e0000000,0x00000000f4c00000,0x00000000f4c00000)
  from space 93696K, 17% used [0x00000000fa480000,0x00000000fb4bc6e0,0x0000000100000000)
  to   space 90624K, 0% used [0x00000000f4c00000,0x00000000f4c00000,0x00000000fa480000)
 ParOldGen       total 176640K, used 139131K [0x00000000a0000000, 0x00000000aac80000, 0x00000000e0000000)
  object space 176640K, 78% used [0x00000000a0000000,0x00000000a87deef0,0x00000000aac80000)
 Metaspace       used 98495K, capacity 105364K, committed 105560K, reserved 1140736K
  class space    used 12326K, capacity 13572K, committed 13696K, reserved 1048576K
Event: 6545.043 GC heap after
Heap after GC invocations=48 (full 5):
 PSYoungGen      total 341504K, used 1200K [0x00000000e0000000, 0x00000000ffc00000, 0x0000000100000000)
  eden space 339968K, 0% used [0x00000000e0000000,0x00000000e0000000,0x00000000f4c00000)
  from space 1536K, 78% used [0x00000000f4c00000,0x00000000f4d2c020,0x00000000f4d80000)
  to   space 90112K, 0% used [0x00000000fa400000,0x00000000fa400000,0x00000000ffc00000)
 ParOldGen       total 176640K, used 143803K [0x00000000a0000000, 0x00000000aac80000, 0x00000000e0000000)
  object space 176640K, 81% used [0x00000000a0000000,0x00000000a8c6edc0,0x00000000aac80000)
 Metaspace       used 98495K, capacity 105364K, committed 105560K, reserved 1140736K
  class space    used 12326K, capacity 13572K, committed 13696K, reserved 1048576K
}
Event: 6592.050 GC heap before
{Heap before GC invocations=49 (full 5):
 PSYoungGen      total 341504K, used 341168K [0x00000000e0000000, 0x00000000ffc00000, 0x0000000100000000)
  eden space 339968K, 100% used [0x00000000e0000000,0x00000000f4c00000,0x00000000f4c00000)
  from space 1536K, 78% used [0x00000000f4c00000,0x00000000f4d2c020,0x00000000f4d80000)
  to   space 90112K, 0% used [0x00000000fa400000,0x00000000fa400000,0x00000000ffc00000)
 ParOldGen       total 176640K, used 143803K [0x00000000a0000000, 0x00000000aac80000, 0x00000000e0000000)
  object space 176640K, 81% used [0x00000000a0000000,0x00000000a8c6edc0,0x00000000aac80000)
 Metaspace       used 98832K, capacity 105674K, committed 105816K, reserved 1140736K
  class space    used 12348K, capacity 13613K, committed 13696K, reserved 1048576K
Event: 6592.233 GC heap after
Heap after GC invocations=49 (full 5):
 PSYoungGen      total 425984K, used 56667K [0x00000000e0000000, 0x0000000100000000, 0x0000000100000000)
  eden space 335872K, 0% used [0x00000000e0000000,0x00000000e0000000,0x00000000f4800000)
  from space 90112K, 62% used [0x00000000fa400000,0x00000000fdb56e80,0x00000000ffc00000)
  to   space 94208K, 0% used [0x00000000f4800000,0x00000000f4800000,0x00000000fa400000)
 ParOldGen       total 176640K, used 144591K [0x00000000a0000000, 0x00000000aac80000, 0x00000000e0000000)
  object space 176640K, 81% used [0x00000000a0000000,0x00000000a8d33e98,0x00000000aac80000)
 Metaspace       used 98832K, capacity 105674K, committed 105816K, reserved 1140736K
  class space    used 12348K, capacity 13613K, committed 13696K, reserved 1048576K
}

